Mutation Score: 0.9491525423728814 | Killed Mutants: 56 | Mutation Count: 59
Verified Mutants:
search : ROR_5
search : ODL_4
search : VDL_2

Exceptional Mutants:
ODL_5 : de.uka.ilkd.key.java.PosConvertException: Error in file E:\java-2020-03\Workspace\Studies\verification-tasks\ReduxProblemSolved\Examples_from_Chapter_7\ArraySearchWhile.java: Cannot parse i
ExpressionStatement expected
@25/13 in block
LOI_5 : de.uka.ilkd.key.java.ConvertException: Error in file E:\java-2020-03\Workspace\Studies\verification-tasks\ReduxProblemSolved\Examples_from_Chapter_7\ArraySearchWhile.java: Encountered "~ i ++ ;" at line 25, column 13.
Was expecting one of:
    "assert" ...
    "break" ...
    "continue" ...
    "do" ...
    "else" ...
    "for" ...
    "if" ...
    "return" ...
    "switch" ...
    "synchronized" ...
    "throw" ...
    "#beginJavaCardTransaction" ...
    "#commitJavaCardTransaction" ...
    "#finishJavaCardTransaction" ...
    "#abortJavaCardTransaction" ...
    "try" ...
    "while" ...
    "{" ...
    ";" ...
    "#catchAll" ...
    <IDENTIFIER> ...
    "method-frame" ...
    "+" ...
    "-" ...
    "++" ...
    "--" ...
    "~" "+" ...
    "~" "-" ...
    "~" "++" ...
    "~" "--" ...
    "~" "~" ...
    "~" "!" ...
    "~" "(" ...
    "~" <INTEGER_LITERAL> ...
    "~" <FLOATING_POINT_LITERAL> ...
    "~" <CHARACTER_LITERAL> ...
    "~" <STRING_LITERAL> ...
    "~" "true" ...
    "~" "false" ...
    "~" "null" ...
    "~" "\\empty" ...
    "~" "\\seq_empty" ...
    "~" "\\map_empty" ...
    "~" "this" ...
    "~" "super" ...
    "~" "@(" ...
    "~" "new" ...
    "~" "void" ...
    "~" "boolean" ...
    "~" "char" ...
    "~" "byte" ...
    "~" "short" ...
    "~" "int" ...
    "~" "long" ...
    "~" "\\bigint" ...
    "~" "\\real" ...
    "~" "float" ...
    "~" "double" ...
    "~" "\\locset" ...
    "~" "\\seq" ...
    "~" "\\free" ...
    "~" "\\map" ...
    "~" <IDENTIFIER> "<" ...
    "~" <IDENTIFIER> "." ...
    "~" <IDENTIFIER> "[" ...
    "~" <IDENTIFIER> "(" ...
    "~" <IDENTIFIER> "++" "*" ...
    "~" <IDENTIFIER> "++" "/" ...
    "~" <IDENTIFIER> "++" "%" ...
    "~" <IDENTIFIER> "++" "+" ...
    "~" <IDENTIFIER> "++" "-" ...
    "~" <IDENTIFIER> "++" "<<" ...
    "~" <IDENTIFIER> "++" ">" ...
    "~" <IDENTIFIER> "++" "<=" ...
    "~" <IDENTIFIER> "++" ">=" ...
    "~" <IDENTIFIER> "++" "instanceof" ...
    "~" <IDENTIFIER> "++" "==" ...
    "~" <IDENTIFIER> "++" "!=" ...
    "~" <IDENTIFIER> "++" "&" ...
    "~" <IDENTIFIER> "++" "^" ...
    "~" <IDENTIFIER> "++" "|" ...
    "~" <IDENTIFIER> "++" "&&" ...
    "~" <IDENTIFIER> "++" "||" ...
    "~" <IDENTIFIER> "++" "?" ...
    "~" <IDENTIFIER> "++" "=" ...
    "~" <IDENTIFIER> "++" "*=" ...
    "~" <IDENTIFIER> "++" "/=" ...
    "~" <IDENTIFIER> "++" "%=" ...
    "~" <IDENTIFIER> "++" "+=" ...
    "~" <IDENTIFIER> "++" "-=" ...
    "~" <IDENTIFIER> "++" "<<=" ...
    "~" <IDENTIFIER> "++" ">>=" ...
    "~" <IDENTIFIER> "++" ">>>=" ...
    "~" <IDENTIFIER> "++" "&=" ...
    "~" <IDENTIFIER> "++" "^=" ...
    "~" <IDENTIFIER> "++" "|=" ...
    "~" <IDENTIFIER> "++" "@" ...
    <INTEGER_LITERAL> ...
    <FLOATING_POINT_LITERAL> ...
    <CHARACTER_LITERAL> ...
    <STRING_LITERAL> ...
    "true" ...
    "false" ...
    "null" ...
    "\\empty" ...
    "\\seq_empty" ...
    "\\map_empty" ...
    "this" ...
    "super" ...
    "(" ...
    "@(" ...
    "new" ...
    "void" ...
    "boolean" ...
    "char" ...
    "byte" ...
    "short" ...
    "int" ...
    "long" ...
    "\\bigint" ...
    "\\real" ...
    "float" ...
    "double" ...
    "\\locset" ...
    "\\seq" ...
    "\\free" ...
    "\\map" ...
    "\\singleton" ...
    "\\set_union" ...
    "\\intersect" ...
    "\\set_minus" ...
    "\\all_fields" ...
    "\\all_objects" ...
    "\\seq_singleton" ...
    "\\seq_concat" ...
    "\\seq_sub" ...
    "\\seq_reverse" ...
    "\\seq_put" ...
    "@" ...
    "final" ...
    "~" ...
    
AODS_1 : de.uka.ilkd.key.java.PosConvertException: Error in file E:\java-2020-03\Workspace\Studies\verification-tasks\ReduxProblemSolved\Examples_from_Chapter_7\ArraySearchWhile.java: Cannot parse i
ExpressionStatement expected
@25/13 in block

Timing per Mutant:
ROR_14 : 202
ROR_2 : 103
ROR_13 : 259
ROR_3 : 302
ROR_4 : 101
AOIS_16 : 101
ROR_5 : 302
AOIS_15 : 102
ROR_10 : 303
ROR_6 : 303
AOIS_14 : 102
COI_2 : 309
ROR_7 : 102
AOIS_13 : 101
ROR_12 : 304
ROR_8 : 302
AOIS_12 : 404
ROR_11 : 303
ROR_9 : 303
AOIS_11 : 404
AOIS_10 : 607
AORS_1 : 322
LOI_1 : 102
LOI_2 : 103
LOI_3 : 403
LOI_4 : 303
ROR_1 : 102
COI_1 : 102
SDL_5 : 201
SDL_4 : 102
SDL_7 : 102
SDL_6 : 303
SDL_1 : 102
SDL_3 : 203
SDL_2 : 201
VDL_4 : 202
VDL_3 : 202
VDL_2 : 203
VDL_1 : 101
AOIS_5 : 102
AOIU_3 : 521
AOIS_6 : 103
AOIU_4 : 303
AOIS_3 : 404
AOIU_1 : 403
AOIS_4 : 404
AOIU_2 : 102
AOIS_1 : 202
AOIS_2 : 404
ODL_1 : 102
ODL_3 : 202
ODL_2 : 102
AOIS_9 : 404
ODL_4 : 201
AOIS_7 : 103
AOIS_8 : 102

Pre: 258900
Post: 32191200